Using pre-set license
Built from '2021.3/staging' branch; Version is '2021.3.30f1 (b4360d7cdac4) revision 11810317'; Using compiler version '192829333'; Build Type 'Release'
OS: 'Windows 10  (10.0.19045) 64bit Professional' Language: 'ru' Physical Memory: 16088 MB
BatchMode: 1, IsHumanControllingUs: 0, StartBugReporterOnCrash: 0, Is64bit: 1, IsPro: 1

COMMAND LINE ARGUMENTS:
C:\Program Files\Unity\Hub\Editor\2021.3.30f1\Editor\Unity.exe
-adb2
-batchMode
-noUpm
-name
AssetImportWorker0
-projectPath
C:/Users/User/Desktop/Станкин/VR/FLVRGIT/VRproject matvey
-logFile
Logs/AssetImportWorker0.log
-srvPort
53866
Successfully changed project path to: C:/Users/User/Desktop/Станкин/VR/FLVRGIT/VRproject matvey
C:/Users/User/Desktop/Станкин/VR/FLVRGIT/VRproject matvey
[UnityMemory] Configuration Parameters - Can be set up in boot.config
    "memorysetup-bucket-allocator-granularity=16"
    "memorysetup-bucket-allocator-bucket-count=8"
    "memorysetup-bucket-allocator-block-size=33554432"
    "memorysetup-bucket-allocator-block-count=8"
    "memorysetup-main-allocator-block-size=16777216"
    "memorysetup-thread-allocator-block-size=16777216"
    "memorysetup-gfx-main-allocator-block-size=16777216"
    "memorysetup-gfx-thread-allocator-block-size=16777216"
    "memorysetup-cache-allocator-block-size=4194304"
    "memorysetup-typetree-allocator-block-size=2097152"
    "memorysetup-profiler-bucket-allocator-granularity=16"
    "memorysetup-profiler-bucket-allocator-bucket-count=8"
    "memorysetup-profiler-bucket-allocator-block-size=33554432"
    "memorysetup-profiler-bucket-allocator-block-count=8"
    "memorysetup-profiler-allocator-block-size=16777216"
    "memorysetup-profiler-editor-allocator-block-size=1048576"
    "memorysetup-temp-allocator-size-main=16777216"
    "memorysetup-job-temp-allocator-block-size=2097152"
    "memorysetup-job-temp-allocator-block-size-background=1048576"
    "memorysetup-job-temp-allocator-reduction-small-platforms=262144"
    "memorysetup-temp-allocator-size-background-worker=32768"
    "memorysetup-temp-allocator-size-job-worker=262144"
    "memorysetup-temp-allocator-size-preload-manager=33554432"
    "memorysetup-temp-allocator-size-nav-mesh-worker=65536"
    "memorysetup-temp-allocator-size-audio-worker=65536"
    "memorysetup-temp-allocator-size-cloud-worker=32768"
    "memorysetup-temp-allocator-size-gi-baking-worker=262144"
    "memorysetup-temp-allocator-size-gfx=262144"
Player connection [9636] Host "[IP] 26.44.113.36 [Port] 0 [Flags] 2 [Guid] 3252553037 [EditorId] 3252553037 [Version] 1048832 [Id] WindowsEditor(7,DESKTOP-N5V63SD) [Debug] 1 [PackageName] WindowsEditor [ProjectName] Editor" joined multi-casting on [225.0.0.222:54997]...

Player connection [9636] Host "[IP] 26.44.113.36 [Port] 0 [Flags] 2 [Guid] 3252553037 [EditorId] 3252553037 [Version] 1048832 [Id] WindowsEditor(7,DESKTOP-N5V63SD) [Debug] 1 [PackageName] WindowsEditor [ProjectName] Editor" joined alternative multi-casting on [225.0.0.222:34997]...

[Physics::Module] Initialized MultithreadedJobDispatcher with {0} workers.
Refreshing native plugins compatible for Editor in 77.10 ms, found 6 plugins.
Preloading 0 native plugins for Editor in 0.00 ms.
Initialize engine version: 2021.3.30f1 (b4360d7cdac4)
[Subsystems] Discovering subsystems at path C:/Program Files/Unity/Hub/Editor/2021.3.30f1/Editor/Data/Resources/UnitySubsystems
[Subsystems] Discovering subsystems at path C:/Users/User/Desktop/Станкин/VR/FLVRGIT/VRproject matvey/Assets
GfxDevice: creating device client; threaded=0; jobified=0
Direct3D:
    Version:  Direct3D 11.0 [level 11.1]
    Renderer: NVIDIA GeForce RTX 3060 Laptop GPU (ID=0x2520)
    Vendor:   NVIDIA
    VRAM:     6023 MB
    Driver:   30.0.15.1165
Initialize mono
Mono path[0] = 'C:/Program Files/Unity/Hub/Editor/2021.3.30f1/Editor/Data/Managed'
Mono path[1] = 'C:/Program Files/Unity/Hub/Editor/2021.3.30f1/Editor/Data/MonoBleedingEdge/lib/mono/unityjit-win32'
Mono config path = 'C:/Program Files/Unity/Hub/Editor/2021.3.30f1/Editor/Data/MonoBleedingEdge/etc'
Using monoOptions --debugger-agent=transport=dt_socket,embedding=1,server=y,suspend=n,address=127.0.0.1:56916
Begin MonoManager ReloadAssembly
Registering precompiled unity dll's ...
Register platform support module: C:/Program Files/Unity/Hub/Editor/2021.3.30f1/Editor/Data/PlaybackEngines/WindowsStandaloneSupport/UnityEditor.WindowsStandalone.Extensions.dll
Registered in 0.006376 seconds.
Native extension for WindowsStandalone target not found
Refreshing native plugins compatible for Editor in 75.52 ms, found 6 plugins.
Preloading 0 native plugins for Editor in 0.00 ms.
Mono: successfully reloaded assembly
- Completed reload, in  0.615 seconds
Domain Reload Profiling:
	ReloadAssembly (616ms)
		BeginReloadAssembly (82ms)
			ExecutionOrderSort (0ms)
			DisableScriptedObjects (0ms)
			BackupInstance (0ms)
			ReleaseScriptingObjects (0ms)
			CreateAndSetChildDomain (1ms)
		EndReloadAssembly (434ms)
			LoadAssemblies (81ms)
			RebuildTransferFunctionScriptingTraits (0ms)
			SetupTypeCache (102ms)
			ReleaseScriptCaches (0ms)
			RebuildScriptCaches (31ms)
			SetupLoadedEditorAssemblies (258ms)
				LogAssemblyErrors (0ms)
				InitializePlatformSupportModulesInManaged (8ms)
				SetLoadedEditorAssemblies (0ms)
				RefreshPlugins (76ms)
				BeforeProcessingInitializeOnLoad (1ms)
				ProcessInitializeOnLoadAttributes (123ms)
				ProcessInitializeOnLoadMethodAttributes (49ms)
				AfterProcessingInitializeOnLoad (0ms)
				EditorAssembliesLoaded (0ms)
			ExecutionOrderSort2 (0ms)
			AwakeInstancesAfterBackupRestoration (0ms)
Platform modules already initialized, skipping
Registering precompiled user dll's ...
Registered in 0.005590 seconds.
Begin MonoManager ReloadAssembly
Native extension for WindowsStandalone target not found
Refreshing native plugins compatible for Editor in 0.69 ms, found 6 plugins.
Preloading 0 native plugins for Editor in 0.00 ms.
Package Manager log level set to [2]
[Package Manager] Server::EnsureServerProcessIsRunning -- launch failed, reason: Unity was launched with the -noUpm command-line argument
[Package Manager] Cannot connect to Unity Package Manager local server
Mono: successfully reloaded assembly
- Completed reload, in  1.442 seconds
Domain Reload Profiling:
	ReloadAssembly (1443ms)
		BeginReloadAssembly (121ms)
			ExecutionOrderSort (0ms)
			DisableScriptedObjects (6ms)
			BackupInstance (0ms)
			ReleaseScriptingObjects (0ms)
			CreateAndSetChildDomain (17ms)
		EndReloadAssembly (1212ms)
			LoadAssemblies (92ms)
			RebuildTransferFunctionScriptingTraits (0ms)
			SetupTypeCache (282ms)
			ReleaseScriptCaches (0ms)
			RebuildScriptCaches (68ms)
			SetupLoadedEditorAssemblies (733ms)
				LogAssemblyErrors (0ms)
				InitializePlatformSupportModulesInManaged (6ms)
				SetLoadedEditorAssemblies (0ms)
				RefreshPlugins (1ms)
				BeforeProcessingInitializeOnLoad (87ms)
				ProcessInitializeOnLoadAttributes (611ms)
				ProcessInitializeOnLoadMethodAttributes (21ms)
				AfterProcessingInitializeOnLoad (7ms)
				EditorAssembliesLoaded (0ms)
			ExecutionOrderSort2 (0ms)
			AwakeInstancesAfterBackupRestoration (6ms)
Platform modules already initialized, skipping
========================================================================
Worker process is ready to serve import requests
Launched and connected shader compiler UnityShaderCompiler.exe after 0.04 seconds
Refreshing native plugins compatible for Editor in 0.46 ms, found 6 plugins.
Preloading 0 native plugins for Editor in 0.00 ms.
Unloading 3421 Unused Serialized files (Serialized files now loaded: 0)
Unloading 25 unused Assets / (46.8 KB). Loaded Objects now: 3883.
Memory consumption went from 123.7 MB to 123.6 MB.
Total: 2.359400 ms (FindLiveObjects: 0.202600 ms CreateObjectMapping: 0.087800 ms MarkObjects: 2.005300 ms  DeleteObjects: 0.062900 ms)

AssetImportParameters requested are different than current active one (requested -> active):
  custom:video-decoder-ogg-theora: a1e56fd34408186e4bbccfd4996cb3dc -> 
  custom:container-muxer-webm: aa71ff27fc2769a1b78a27578f13a17b -> 
  custom:container-demuxer-webm: 4f35f7cbe854078d1ac9338744f61a02 -> 
  custom:video-encoder-webm-vp8: eb34c28f22e8b96e1ab97ce403110664 -> 
  custom:CustomObjectIndexerAttribute: bc11b3a6c3213fcdd17b65e7da85e133 -> 
  custom:audio-encoder-webm-vorbis: bf7c407c2cedff20999df2af8eb42d56 -> 
  custom:framework-win-MediaFoundation: 216162199b28c13a410421893ffa2e32 -> 
  custom:SearchIndexIgnoredProperties: e643bd26f0fe6173181afceb89e7c659 -> 
  custom:container-demuxer-ogg: 62fdf1f143b41e24485cea50d1cbac27 -> 
  custom:video-decoder-webm-vp8: 9c59270c3fd7afecdb556c50c9e8de78 -> 
  custom:audio-decoder-ogg-vorbis: bf7c407c2cedff20999df2af8eb42d56 -> 
========================================================================
Received Import Request.
  Time since last request: 1808002.297517 seconds.
  path: Assets/дом.развертка 1.png
  artifactKey: Guid(dc94c4524f9f63540b0a900c1cb47dac) Importer(815301076,1909f56bfc062723c751e8b465ee728b)
Number of updated assets reloaded before import = 0
Start importing Assets/дом.развертка 1.png using Guid(dc94c4524f9f63540b0a900c1cb47dac) Importer(815301076,1909f56bfc062723c751e8b465ee728b)  -> (artifact id: 'ade67af5c8fad6698b869fb7baa987c7') in 0.077102 seconds 
Number of asset objects unloaded after import = 2
========================================================================
Received Import Request.
  Time since last request: 7.718951 seconds.
  path: Assets/Домик.fbx
  artifactKey: Guid(bd358edba9387e846b9eec947b180c3b) Importer(815301076,1909f56bfc062723c751e8b465ee728b)
Number of updated assets reloaded before import = 0
Start importing Assets/Домик.fbx using Guid(bd358edba9387e846b9eec947b180c3b) Importer(815301076,1909f56bfc062723c751e8b465ee728b)  -> (artifact id: '4c0b63f116d1433c61110a93ae74ceea') in 0.187933 seconds 
Number of asset objects unloaded after import = 13
========================================================================
Received Import Request.
  Time since last request: 335.288348 seconds.
  path: Assets/SteamVR/Models/Materials/Abyss.mat
  artifactKey: Guid(9b01d7c0e4dfa854eb5dfe2624e27c0f) Importer(815301076,1909f56bfc062723c751e8b465ee728b)
Number of updated assets reloaded before import = 0
Start importing Assets/SteamVR/Models/Materials/Abyss.mat using Guid(9b01d7c0e4dfa854eb5dfe2624e27c0f) Importer(815301076,1909f56bfc062723c751e8b465ee728b)  -> (artifact id: '014462c8bceb0ee244346299679764df') in 0.049618 seconds 
Number of asset objects unloaded after import = 1
========================================================================
Received Import Request.
  Time since last request: 0.000017 seconds.
  path: Assets/TextMesh Pro/Examples & Extras/Resources/Fonts & Materials/Anton SDF.asset
  artifactKey: Guid(8a89fa14b10d46a99122fd4f73fca9a2) Importer(815301076,1909f56bfc062723c751e8b465ee728b)
Number of updated assets reloaded before import = 0
Start importing Assets/TextMesh Pro/Examples & Extras/Resources/Fonts & Materials/Anton SDF.asset using Guid(8a89fa14b10d46a99122fd4f73fca9a2) Importer(815301076,1909f56bfc062723c751e8b465ee728b)  -> (artifact id: '6151612ef52f8720819a02faea7d9820') in 0.058106 seconds 
Number of asset objects unloaded after import = 6
========================================================================
Received Import Request.
  Time since last request: 0.000023 seconds.
  path: Assets/TextMesh Pro/Examples & Extras/Resources/Fonts & Materials/Anton SDF - Drop Shadow.mat
  artifactKey: Guid(749b9069dc4742c5bfa5c74644049926) Importer(815301076,1909f56bfc062723c751e8b465ee728b)
Number of updated assets reloaded before import = 0
Start importing Assets/TextMesh Pro/Examples & Extras/Resources/Fonts & Materials/Anton SDF - Drop Shadow.mat using Guid(749b9069dc4742c5bfa5c74644049926) Importer(815301076,1909f56bfc062723c751e8b465ee728b)  -> (artifact id: 'cef109f9a3a642742f97c03f7650b87a') in 0.064127 seconds 
Number of asset objects unloaded after import = 2
========================================================================
Received Import Request.
  Time since last request: 0.000026 seconds.
  path: Assets/SteamVR/InteractionSystem/Longbow/Materials/Arrow.mat
  artifactKey: Guid(f7cd62d595c763c428123f260c78b711) Importer(815301076,1909f56bfc062723c751e8b465ee728b)
Number of updated assets reloaded before import = 0
Start importing Assets/SteamVR/InteractionSystem/Longbow/Materials/Arrow.mat using Guid(f7cd62d595c763c428123f260c78b711) Importer(815301076,1909f56bfc062723c751e8b465ee728b)  -> (artifact id: 'b1d3b8b4d74959a6ba08a7c5e9e7f6f1') in 0.231565 seconds 
Number of asset objects unloaded after import = 5
========================================================================
Received Import Request.
  Time since last request: 0.000016 seconds.
  path: Assets/SteamVR/InteractionSystem/Longbow/Materials/ArcheryTargetWeeble.mat
  artifactKey: Guid(0ae132d3c08907a4d931b3ed4debc646) Importer(815301076,1909f56bfc062723c751e8b465ee728b)
Number of updated assets reloaded before import = 0
Start importing Assets/SteamVR/InteractionSystem/Longbow/Materials/ArcheryTargetWeeble.mat using Guid(0ae132d3c08907a4d931b3ed4debc646) Importer(815301076,1909f56bfc062723c751e8b465ee728b)  -> (artifact id: '410672aa516798384655962348bce7de') in 0.030217 seconds 
Number of asset objects unloaded after import = 2
========================================================================
Received Import Request.
  Time since last request: 0.000021 seconds.
  path: Assets/TextMesh Pro/Examples & Extras/Resources/Fonts & Materials/Anton SDF - Outline.mat
  artifactKey: Guid(a00013af81304728b2be1f4309ee2433) Importer(815301076,1909f56bfc062723c751e8b465ee728b)
Number of updated assets reloaded before import = 0
Start importing Assets/TextMesh Pro/Examples & Extras/Resources/Fonts & Materials/Anton SDF - Outline.mat using Guid(a00013af81304728b2be1f4309ee2433) Importer(815301076,1909f56bfc062723c751e8b465ee728b)  -> (artifact id: 'bf5cab917c237dd9f55ef34ee9a55ee4') in 0.047169 seconds 
Number of asset objects unloaded after import = 2
========================================================================
Received Import Request.
  Time since last request: 3.112832 seconds.
  path: Assets/SteamVR/InteractionSystem/Longbow/Materials/BalloonColor.mat
  artifactKey: Guid(406981998f1234442a4f2eb50cfe07e1) Importer(815301076,1909f56bfc062723c751e8b465ee728b)
Number of updated assets reloaded before import = 0
Start importing Assets/SteamVR/InteractionSystem/Longbow/Materials/BalloonColor.mat using Guid(406981998f1234442a4f2eb50cfe07e1) Importer(815301076,1909f56bfc062723c751e8b465ee728b)  -> (artifact id: '08b654ecda1395390bc696caf1b693af') in 0.192422 seconds 
Number of asset objects unloaded after import = 1
========================================================================
Received Import Request.
  Time since last request: 0.151415 seconds.
  path: Assets/TextMesh Pro/Examples & Extras/Resources/Fonts & Materials/Bangers SDF Logo.mat
  artifactKey: Guid(f4e195ac1e204eff960149d1cb34e18c) Importer(815301076,1909f56bfc062723c751e8b465ee728b)
Number of updated assets reloaded before import = 0
Start importing Assets/TextMesh Pro/Examples & Extras/Resources/Fonts & Materials/Bangers SDF Logo.mat using Guid(f4e195ac1e204eff960149d1cb34e18c) Importer(815301076,1909f56bfc062723c751e8b465ee728b)  -> (artifact id: '2aaa5245c36a9621da638086e21bebfe') in 0.274111 seconds 
Number of asset objects unloaded after import = 4
========================================================================
Received Import Request.
  Time since last request: 3.804408 seconds.
  path: Assets/SteamVR/InteractionSystem/Hints/Materials/ControllerButtonHints.mat
  artifactKey: Guid(11b050e661ec0cf48a289a7266451e91) Importer(815301076,1909f56bfc062723c751e8b465ee728b)
Number of updated assets reloaded before import = 0
Start importing Assets/SteamVR/InteractionSystem/Hints/Materials/ControllerButtonHints.mat using Guid(11b050e661ec0cf48a289a7266451e91) Importer(815301076,1909f56bfc062723c751e8b465ee728b)  -> (artifact id: 'e6728904c6047f7c3fecdb32e1829349') in 0.020083 seconds 
Number of asset objects unloaded after import = 1
========================================================================
Received Import Request.
  Time since last request: 0.004017 seconds.
  path: Assets/SteamVR/InteractionSystem/Samples/Models/Materials/fabric 1.mat
  artifactKey: Guid(be0b1dee5fea4ea40909e542a9a5fb16) Importer(815301076,1909f56bfc062723c751e8b465ee728b)
Number of updated assets reloaded before import = 0
Start importing Assets/SteamVR/InteractionSystem/Samples/Models/Materials/fabric 1.mat using Guid(be0b1dee5fea4ea40909e542a9a5fb16) Importer(815301076,1909f56bfc062723c751e8b465ee728b)  -> (artifact id: '7b3e1738338d13993e9a9659b1bdd1bf') in 0.233344 seconds 
Number of asset objects unloaded after import = 3
========================================================================
Received Import Request.
  Time since last request: 0.000017 seconds.
  path: Assets/SteamVR/InteractionSystem/Teleport/Materials URP/URPTeleportPointLocked.mat
  artifactKey: Guid(c8665e1aa63020343bc825410291e43a) Importer(815301076,1909f56bfc062723c751e8b465ee728b)
Number of updated assets reloaded before import = 0
Start importing Assets/SteamVR/InteractionSystem/Teleport/Materials URP/URPTeleportPointLocked.mat using Guid(c8665e1aa63020343bc825410291e43a) Importer(815301076,1909f56bfc062723c751e8b465ee728b)  -> (artifact id: '19f845f8d3e3c14f40e9c5f90279b452') in 0.050203 seconds 
Number of asset objects unloaded after import = 2
========================================================================
Received Import Request.
  Time since last request: 0.000031 seconds.
  path: Assets/TextMesh Pro/Examples & Extras/Fonts/Roboto-Bold.ttf
  artifactKey: Guid(4beb055f07aaff244873dec698d0363e) Importer(815301076,1909f56bfc062723c751e8b465ee728b)
Number of updated assets reloaded before import = 0
Start importing Assets/TextMesh Pro/Examples & Extras/Fonts/Roboto-Bold.ttf using Guid(4beb055f07aaff244873dec698d0363e) Importer(815301076,1909f56bfc062723c751e8b465ee728b)  -> (artifact id: '02f691fcd04daa8e5231d216c74a6566') in 0.040396 seconds 
Number of asset objects unloaded after import = 4
========================================================================
Received Import Request.
  Time since last request: 0.000018 seconds.
  path: Assets/SteamVR/InteractionSystem/Longbow/Materials/TorchShaft.mat
  artifactKey: Guid(24e73955ba8338f41a24cd3aea0285a6) Importer(815301076,1909f56bfc062723c751e8b465ee728b)
Number of updated assets reloaded before import = 0
Start importing Assets/SteamVR/InteractionSystem/Longbow/Materials/TorchShaft.mat using Guid(24e73955ba8338f41a24cd3aea0285a6) Importer(815301076,1909f56bfc062723c751e8b465ee728b)  -> (artifact id: 'a93c755c2490cd88a1895c927939a800') in 0.020748 seconds 
Number of asset objects unloaded after import = 1
========================================================================
Received Import Request.
  Time since last request: 0.000018 seconds.
  path: Assets/SteamVR/InteractionSystem/Teleport/Materials/TeleportPlayspaceVisualize.mat
  artifactKey: Guid(e070196015a41bc419ea9e03ba170df5) Importer(815301076,1909f56bfc062723c751e8b465ee728b)
Number of updated assets reloaded before import = 0
Start importing Assets/SteamVR/InteractionSystem/Teleport/Materials/TeleportPlayspaceVisualize.mat using Guid(e070196015a41bc419ea9e03ba170df5) Importer(815301076,1909f56bfc062723c751e8b465ee728b)  -> (artifact id: '3d5cf5007c396b590a0b1b996a64e917') in 0.036199 seconds 
Number of asset objects unloaded after import = 2
========================================================================
Received Import Request.
  Time since last request: 0.000022 seconds.
  path: Assets/SteamVR/InteractionSystem/Teleport/Materials URP/URPTeleportPointInvalid.mat
  artifactKey: Guid(69cf60201b6b1c447825fbb5f8d2240b) Importer(815301076,1909f56bfc062723c751e8b465ee728b)
Number of updated assets reloaded before import = 0
Start importing Assets/SteamVR/InteractionSystem/Teleport/Materials URP/URPTeleportPointInvalid.mat using Guid(69cf60201b6b1c447825fbb5f8d2240b) Importer(815301076,1909f56bfc062723c751e8b465ee728b)  -> (artifact id: '18a05179db86c55b20af6391b697dc12') in 0.018645 seconds 
Number of asset objects unloaded after import = 2
========================================================================
Received Import Request.
  Time since last request: 0.000025 seconds.
  path: Assets/SteamVR/InteractionSystem/Teleport/Materials URP/URPTeleportAreaHighlightedLow.mat
  artifactKey: Guid(bbd3c57c95ca5934abf56f614110fa53) Importer(815301076,1909f56bfc062723c751e8b465ee728b)
Number of updated assets reloaded before import = 0
Start importing Assets/SteamVR/InteractionSystem/Teleport/Materials URP/URPTeleportAreaHighlightedLow.mat using Guid(bbd3c57c95ca5934abf56f614110fa53) Importer(815301076,1909f56bfc062723c751e8b465ee728b)  -> (artifact id: '1bde87af63ace58195c5b8fee2c04c7f') in 0.018897 seconds 
Number of asset objects unloaded after import = 2
========================================================================
Received Import Request.
  Time since last request: 0.000022 seconds.
  path: Assets/SteamVR/InteractionSystem/Teleport/Materials/TeleportPointVisible.mat
  artifactKey: Guid(510c6e0b8b5c948458c2b4bc3de5a637) Importer(815301076,1909f56bfc062723c751e8b465ee728b)
Number of updated assets reloaded before import = 0
Start importing Assets/SteamVR/InteractionSystem/Teleport/Materials/TeleportPointVisible.mat using Guid(510c6e0b8b5c948458c2b4bc3de5a637) Importer(815301076,1909f56bfc062723c751e8b465ee728b)  -> (artifact id: 'fe80bd881747a6e41b8e7a0a474c89a1') in 0.018951 seconds 
Number of asset objects unloaded after import = 2
========================================================================
Received Import Request.
  Time since last request: 0.000022 seconds.
  path: Assets/SteamVR/InteractionSystem/Teleport/Materials URP/URPTeleportAreaVisibleLow.mat
  artifactKey: Guid(50e5b65061d0b044da1bfd0dc52d912d) Importer(815301076,1909f56bfc062723c751e8b465ee728b)
Number of updated assets reloaded before import = 0
Start importing Assets/SteamVR/InteractionSystem/Teleport/Materials URP/URPTeleportAreaVisibleLow.mat using Guid(50e5b65061d0b044da1bfd0dc52d912d) Importer(815301076,1909f56bfc062723c751e8b465ee728b)  -> (artifact id: 'ded1632679da7e33d3d71fef837f71bb') in 0.020582 seconds 
Number of asset objects unloaded after import = 2
========================================================================
Received Import Request.
  Time since last request: 0.000021 seconds.
  path: Assets/SteamVR/InteractionSystem/Teleport/Materials URP/URPTeleportAreaHighlightedBright.mat
  artifactKey: Guid(42e2d33cb8e988945826a8a0f5c0f543) Importer(815301076,1909f56bfc062723c751e8b465ee728b)
Number of updated assets reloaded before import = 0
Start importing Assets/SteamVR/InteractionSystem/Teleport/Materials URP/URPTeleportAreaHighlightedBright.mat using Guid(42e2d33cb8e988945826a8a0f5c0f543) Importer(815301076,1909f56bfc062723c751e8b465ee728b)  -> (artifact id: '4604abc5f39b173fad0c134669bdc078') in 0.020049 seconds 
Number of asset objects unloaded after import = 2
========================================================================
Received Import Request.
  Time since last request: 0.000024 seconds.
  path: Assets/SteamVR/InteractionSystem/Teleport/Materials/TeleportAreaVisible.mat
  artifactKey: Guid(417e639b66cd3a24e9c5312be99ce3bd) Importer(815301076,1909f56bfc062723c751e8b465ee728b)
Number of updated assets reloaded before import = 0
Start importing Assets/SteamVR/InteractionSystem/Teleport/Materials/TeleportAreaVisible.mat using Guid(417e639b66cd3a24e9c5312be99ce3bd) Importer(815301076,1909f56bfc062723c751e8b465ee728b)  -> (artifact id: '9fcf01bfd69e0638d89edb71e2822d1e') in 0.024047 seconds 
Number of asset objects unloaded after import = 2
========================================================================
Received Import Request.
  Time since last request: 0.000031 seconds.
  path: Assets/SteamVR/InteractionSystem/Teleport/Materials/TeleportPointText.mat
  artifactKey: Guid(6e8b24558e6899742b276a1b6c480de1) Importer(815301076,1909f56bfc062723c751e8b465ee728b)
Number of updated assets reloaded before import = 0
Start importing Assets/SteamVR/InteractionSystem/Teleport/Materials/TeleportPointText.mat using Guid(6e8b24558e6899742b276a1b6c480de1) Importer(815301076,1909f56bfc062723c751e8b465ee728b)  -> (artifact id: 'e5bfd980a2af571d66fd5b59db78ce81') in 0.018065 seconds 
Number of asset objects unloaded after import = 1
========================================================================
Received Import Request.
  Time since last request: 0.000027 seconds.
  path: Assets/SteamVR/InteractionSystem/SnapTurn/Materials/snapTurnArrow.mat
  artifactKey: Guid(0bbd832b13230de459422d3264b929c7) Importer(815301076,1909f56bfc062723c751e8b465ee728b)
Number of updated assets reloaded before import = 0
Start importing Assets/SteamVR/InteractionSystem/SnapTurn/Materials/snapTurnArrow.mat using Guid(0bbd832b13230de459422d3264b929c7) Importer(815301076,1909f56bfc062723c751e8b465ee728b)  -> (artifact id: 'e85cd8b8dc610cf72528e9fae657ed50') in 0.227313 seconds 
Number of asset objects unloaded after import = 1
========================================================================
Received Import Request.
  Time since last request: 0.000021 seconds.
  path: Assets/TextMesh Pro/Examples & Extras/Resources/Fonts & Materials/Roboto-Bold SDF - Surface.mat
  artifactKey: Guid(e6b276ec991f467aa14ef1f3cc665993) Importer(815301076,1909f56bfc062723c751e8b465ee728b)
Number of updated assets reloaded before import = 0
Start importing Assets/TextMesh Pro/Examples & Extras/Resources/Fonts & Materials/Roboto-Bold SDF - Surface.mat using Guid(e6b276ec991f467aa14ef1f3cc665993) Importer(815301076,1909f56bfc062723c751e8b465ee728b)  -> (artifact id: 'e91efd4cabe3965217fec0edba912479') in 0.098730 seconds 
Number of asset objects unloaded after import = 2
========================================================================
Received Import Request.
  Time since last request: 0.000025 seconds.
  path: Assets/SteamVR/InteractionSystem/Samples/Grenade/Materials/Nade.mat
  artifactKey: Guid(eb837f621778eb443be0269b165d237b) Importer(815301076,1909f56bfc062723c751e8b465ee728b)
Number of updated assets reloaded before import = 0
Start importing Assets/SteamVR/InteractionSystem/Samples/Grenade/Materials/Nade.mat using Guid(eb837f621778eb443be0269b165d237b) Importer(815301076,1909f56bfc062723c751e8b465ee728b)  -> (artifact id: '586a109a1c5f60018724673c5fa8278d') in 0.017041 seconds 
Number of asset objects unloaded after import = 1
========================================================================
Received Import Request.
  Time since last request: 0.000018 seconds.
  path: Assets/SteamVR/InteractionSystem/Teleport/Materials/TeleportAreaLocked.mat
  artifactKey: Guid(f6802bd638faedf4dbe4a57c1f222991) Importer(815301076,1909f56bfc062723c751e8b465ee728b)
Number of updated assets reloaded before import = 0
Start importing Assets/SteamVR/InteractionSystem/Teleport/Materials/TeleportAreaLocked.mat using Guid(f6802bd638faedf4dbe4a57c1f222991) Importer(815301076,1909f56bfc062723c751e8b465ee728b)  -> (artifact id: '1ab8a1734648d680d6bfa2acc4551ac4') in 0.018875 seconds 
Number of asset objects unloaded after import = 2
========================================================================
Received Import Request.
  Time since last request: 0.000017 seconds.
  path: Assets/SteamVR/Models/Materials/floppyHand.mat
  artifactKey: Guid(f1f5a7b9d67d8354799973d55caf81ad) Importer(815301076,1909f56bfc062723c751e8b465ee728b)
Number of updated assets reloaded before import = 0
Start importing Assets/SteamVR/Models/Materials/floppyHand.mat using Guid(f1f5a7b9d67d8354799973d55caf81ad) Importer(815301076,1909f56bfc062723c751e8b465ee728b)  -> (artifact id: '3af932e36a796ab0978bb6b2d52b0a34') in 0.027484 seconds 
Number of asset objects unloaded after import = 2
========================================================================
Received Import Request.
  Time since last request: 0.000019 seconds.
  path: Assets/SteamVR/InteractionSystem/Core/Materials/SeeThru.mat
  artifactKey: Guid(3bbb445147c574240a8b87a1193788b5) Importer(815301076,1909f56bfc062723c751e8b465ee728b)
Number of updated assets reloaded before import = 0
Start importing Assets/SteamVR/InteractionSystem/Core/Materials/SeeThru.mat using Guid(3bbb445147c574240a8b87a1193788b5) Importer(815301076,1909f56bfc062723c751e8b465ee728b)  -> (artifact id: '912a9a167de8e168c1190dca49197841') in 0.018258 seconds 
Number of asset objects unloaded after import = 1
========================================================================
Received Import Request.
  Time since last request: 0.000025 seconds.
  path: Assets/SteamVR/InteractionSystem/Samples/Models/floor far.mat
  artifactKey: Guid(f841239f1ca9b4941918db7c8d5ccb8c) Importer(815301076,1909f56bfc062723c751e8b465ee728b)
Number of updated assets reloaded before import = 0
Start importing Assets/SteamVR/InteractionSystem/Samples/Models/floor far.mat using Guid(f841239f1ca9b4941918db7c8d5ccb8c) Importer(815301076,1909f56bfc062723c751e8b465ee728b)  -> (artifact id: '46e5c0854fe1cd1dd00c435769bb460b') in 0.220547 seconds 
Number of asset objects unloaded after import = 4
========================================================================
Received Import Request.
  Time since last request: 14.366319 seconds.
  path: Assets/SteamVR/InteractionSystem/Samples/Models/Materials/target.mat
  artifactKey: Guid(4bb9548183013a045a3a576bd7740d4f) Importer(815301076,1909f56bfc062723c751e8b465ee728b)
Number of updated assets reloaded before import = 0
Start importing Assets/SteamVR/InteractionSystem/Samples/Models/Materials/target.mat using Guid(4bb9548183013a045a3a576bd7740d4f) Importer(815301076,1909f56bfc062723c751e8b465ee728b)  -> (artifact id: '8b09bde67d14c8def05b7de450a3b9c9') in 0.019485 seconds 
Number of asset objects unloaded after import = 1
========================================================================
Received Import Request.
  Time since last request: 0.871559 seconds.
  path: Assets/SteamVR/InteractionSystem/Samples/Materials/ShinyWhiteHighlightedObject.mat
  artifactKey: Guid(fd5c04cbf78ad9d4691c1055c7ce7e2c) Importer(815301076,1909f56bfc062723c751e8b465ee728b)
Number of updated assets reloaded before import = 0
Start importing Assets/SteamVR/InteractionSystem/Samples/Materials/ShinyWhiteHighlightedObject.mat using Guid(fd5c04cbf78ad9d4691c1055c7ce7e2c) Importer(815301076,1909f56bfc062723c751e8b465ee728b)  -> (artifact id: '35252b8fb8c0f6acf95f55b5e1c61bc3') in 0.022254 seconds 
Number of asset objects unloaded after import = 2
========================================================================
Received Import Request.
  Time since last request: 0.073788 seconds.
  path: Assets/SteamVR/Models/Materials/knuckles_right.mat
  artifactKey: Guid(dc89eae32e82ada4b873dd07678c67e8) Importer(815301076,1909f56bfc062723c751e8b465ee728b)
Number of updated assets reloaded before import = 0
Start importing Assets/SteamVR/Models/Materials/knuckles_right.mat using Guid(dc89eae32e82ada4b873dd07678c67e8) Importer(815301076,1909f56bfc062723c751e8b465ee728b)  -> (artifact id: '291fae3b49b2854856a30d3adc47d843') in 0.020745 seconds 
Number of asset objects unloaded after import = 1
========================================================================
Received Import Request.
  Time since last request: 0.000024 seconds.
  path: Assets/SteamVR/InteractionSystem/Longbow/Materials/ItemPickupOutline.mat
  artifactKey: Guid(3d938759d8b7a414988ec3261fb5265d) Importer(815301076,1909f56bfc062723c751e8b465ee728b)
Number of updated assets reloaded before import = 0
Start importing Assets/SteamVR/InteractionSystem/Longbow/Materials/ItemPickupOutline.mat using Guid(3d938759d8b7a414988ec3261fb5265d) Importer(815301076,1909f56bfc062723c751e8b465ee728b)  -> (artifact id: '177cbeccf70a5be7f5459e3ebf2af00c') in 0.019577 seconds 
Number of asset objects unloaded after import = 1
========================================================================
Received Import Request.
  Time since last request: 0.012426 seconds.
  path: Assets/TextMesh Pro/Examples & Extras/Fonts/Bangers.ttf
  artifactKey: Guid(5dd49b3eacc540408c98eee0de38e0f1) Importer(815301076,1909f56bfc062723c751e8b465ee728b)
Number of updated assets reloaded before import = 0
Start importing Assets/TextMesh Pro/Examples & Extras/Fonts/Bangers.ttf using Guid(5dd49b3eacc540408c98eee0de38e0f1) Importer(815301076,1909f56bfc062723c751e8b465ee728b)  -> (artifact id: '3f411dc487d862051c8615ed2fedf126') in 0.021466 seconds 
Number of asset objects unloaded after import = 4
========================================================================
Received Import Request.
  Time since last request: 22.387408 seconds.
  path: Assets/SteamVR/Models/Materials/AlienHand_Normal.png
  artifactKey: Guid(c895ac09c5f562b4798e88828f61e812) Importer(815301076,1909f56bfc062723c751e8b465ee728b)
Number of updated assets reloaded before import = 0
Start importing Assets/SteamVR/Models/Materials/AlienHand_Normal.png using Guid(c895ac09c5f562b4798e88828f61e812) Importer(815301076,1909f56bfc062723c751e8b465ee728b)  -> (artifact id: 'd60fff861f348e6000dbbc5a8b5edb78') in 0.048095 seconds 
Number of asset objects unloaded after import = 2
========================================================================
Received Import Request.
  Time since last request: 0.000027 seconds.
  path: Assets/SteamVR/Models/Materials/vr_glove_normal.png
  artifactKey: Guid(3ba9d5201b468524ca8df1e0969a2108) Importer(815301076,1909f56bfc062723c751e8b465ee728b)
Number of updated assets reloaded before import = 0
Start importing Assets/SteamVR/Models/Materials/vr_glove_normal.png using Guid(3ba9d5201b468524ca8df1e0969a2108) Importer(815301076,1909f56bfc062723c751e8b465ee728b)  -> (artifact id: '905cae8c7106bb0f4cde72ed63de410c') in 0.048110 seconds 
Number of asset objects unloaded after import = 2
========================================================================
Received Import Request.
  Time since last request: 10.335580 seconds.
  path: Assets/SteamVR/Models/vr_floppyHand.fbx
  artifactKey: Guid(395115150fc0faf40abd1994e7405303) Importer(815301076,1909f56bfc062723c751e8b465ee728b)
Number of updated assets reloaded before import = 0
Start importing Assets/SteamVR/Models/vr_floppyHand.fbx using Guid(395115150fc0faf40abd1994e7405303) Importer(815301076,1909f56bfc062723c751e8b465ee728b)  -> (artifact id: '4a73a0bc276793565062f272242846b8') in 0.075319 seconds 
Number of asset objects unloaded after import = 36
========================================================================
Received Import Request.
  Time since last request: 0.000020 seconds.
  path: Assets/SteamVR/Models/vr_glove_right_model_slim.fbx
  artifactKey: Guid(641e9d2f5c6b4cb438161abef3be8300) Importer(815301076,1909f56bfc062723c751e8b465ee728b)
Number of updated assets reloaded before import = 0
Start importing Assets/SteamVR/Models/vr_glove_right_model_slim.fbx using Guid(641e9d2f5c6b4cb438161abef3be8300) Importer(815301076,1909f56bfc062723c751e8b465ee728b)  -> (artifact id: 'b09c2ede90311eb12e75ae429e61ee34') in 0.047274 seconds 
Number of asset objects unloaded after import = 75
Editor requested this worker to shutdown with reason: Scaling down because of idle timeout
AssetImportWorker is now disconnected from the server
Process exiting
Exiting without the bug reporter. Application will terminate with return code 0