Using pre-set license
Built from '2021.3/staging' branch; Version is '2021.3.30f1 (b4360d7cdac4) revision 11810317'; Using compiler version '192829333'; Build Type 'Release'
OS: 'Windows 10  (10.0.19045) 64bit Professional' Language: 'ru' Physical Memory: 16088 MB
BatchMode: 1, IsHumanControllingUs: 0, StartBugReporterOnCrash: 0, Is64bit: 1, IsPro: 1

COMMAND LINE ARGUMENTS:
C:\Program Files\Unity\Hub\Editor\2021.3.30f1\Editor\Unity.exe
-adb2
-batchMode
-noUpm
-name
AssetImportWorker4
-projectPath
C:/Users/User/Desktop/Станкин/VR/FLVRGIT/VRproject matvey
-logFile
Logs/AssetImportWorker4.log
-srvPort
53866
Successfully changed project path to: C:/Users/User/Desktop/Станкин/VR/FLVRGIT/VRproject matvey
C:/Users/User/Desktop/Станкин/VR/FLVRGIT/VRproject matvey
[UnityMemory] Configuration Parameters - Can be set up in boot.config
    "memorysetup-bucket-allocator-granularity=16"
    "memorysetup-bucket-allocator-bucket-count=8"
    "memorysetup-bucket-allocator-block-size=33554432"
    "memorysetup-bucket-allocator-block-count=8"
    "memorysetup-main-allocator-block-size=16777216"
    "memorysetup-thread-allocator-block-size=16777216"
    "memorysetup-gfx-main-allocator-block-size=16777216"
    "memorysetup-gfx-thread-allocator-block-size=16777216"
    "memorysetup-cache-allocator-block-size=4194304"
    "memorysetup-typetree-allocator-block-size=2097152"
    "memorysetup-profiler-bucket-allocator-granularity=16"
    "memorysetup-profiler-bucket-allocator-bucket-count=8"
    "memorysetup-profiler-bucket-allocator-block-size=33554432"
    "memorysetup-profiler-bucket-allocator-block-count=8"
    "memorysetup-profiler-allocator-block-size=16777216"
    "memorysetup-profiler-editor-allocator-block-size=1048576"
    "memorysetup-temp-allocator-size-main=16777216"
    "memorysetup-job-temp-allocator-block-size=2097152"
    "memorysetup-job-temp-allocator-block-size-background=1048576"
    "memorysetup-job-temp-allocator-reduction-small-platforms=262144"
    "memorysetup-temp-allocator-size-background-worker=32768"
    "memorysetup-temp-allocator-size-job-worker=262144"
    "memorysetup-temp-allocator-size-preload-manager=33554432"
    "memorysetup-temp-allocator-size-nav-mesh-worker=65536"
    "memorysetup-temp-allocator-size-audio-worker=65536"
    "memorysetup-temp-allocator-size-cloud-worker=32768"
    "memorysetup-temp-allocator-size-gi-baking-worker=262144"
    "memorysetup-temp-allocator-size-gfx=262144"
Player connection [20076] Host "[IP] 26.44.113.36 [Port] 0 [Flags] 2 [Guid] 3644294232 [EditorId] 3644294232 [Version] 1048832 [Id] WindowsEditor(7,DESKTOP-N5V63SD) [Debug] 1 [PackageName] WindowsEditor [ProjectName] Editor" joined multi-casting on [225.0.0.222:54997]...

Player connection [20076] Host "[IP] 26.44.113.36 [Port] 0 [Flags] 2 [Guid] 3644294232 [EditorId] 3644294232 [Version] 1048832 [Id] WindowsEditor(7,DESKTOP-N5V63SD) [Debug] 1 [PackageName] WindowsEditor [ProjectName] Editor" joined alternative multi-casting on [225.0.0.222:34997]...

[Physics::Module] Initialized MultithreadedJobDispatcher with {0} workers.
Refreshing native plugins compatible for Editor in 95.50 ms, found 6 plugins.
Preloading 0 native plugins for Editor in 0.00 ms.
Initialize engine version: 2021.3.30f1 (b4360d7cdac4)
[Subsystems] Discovering subsystems at path C:/Program Files/Unity/Hub/Editor/2021.3.30f1/Editor/Data/Resources/UnitySubsystems
[Subsystems] Discovering subsystems at path C:/Users/User/Desktop/Станкин/VR/FLVRGIT/VRproject matvey/Assets
GfxDevice: creating device client; threaded=0; jobified=0
Direct3D:
    Version:  Direct3D 11.0 [level 11.1]
    Renderer: NVIDIA GeForce RTX 3060 Laptop GPU (ID=0x2520)
    Vendor:   NVIDIA
    VRAM:     6023 MB
    Driver:   30.0.15.1165
Initialize mono
Mono path[0] = 'C:/Program Files/Unity/Hub/Editor/2021.3.30f1/Editor/Data/Managed'
Mono path[1] = 'C:/Program Files/Unity/Hub/Editor/2021.3.30f1/Editor/Data/MonoBleedingEdge/lib/mono/unityjit-win32'
Mono config path = 'C:/Program Files/Unity/Hub/Editor/2021.3.30f1/Editor/Data/MonoBleedingEdge/etc'
Using monoOptions --debugger-agent=transport=dt_socket,embedding=1,server=y,suspend=n,address=127.0.0.1:56020
Begin MonoManager ReloadAssembly
Registering precompiled unity dll's ...
Register platform support module: C:/Program Files/Unity/Hub/Editor/2021.3.30f1/Editor/Data/PlaybackEngines/WindowsStandaloneSupport/UnityEditor.WindowsStandalone.Extensions.dll
Registered in 0.007272 seconds.
Native extension for WindowsStandalone target not found
Refreshing native plugins compatible for Editor in 89.12 ms, found 6 plugins.
Preloading 0 native plugins for Editor in 0.00 ms.
Mono: successfully reloaded assembly
- Completed reload, in  0.761 seconds
Domain Reload Profiling:
	ReloadAssembly (762ms)
		BeginReloadAssembly (125ms)
			ExecutionOrderSort (0ms)
			DisableScriptedObjects (0ms)
			BackupInstance (0ms)
			ReleaseScriptingObjects (0ms)
			CreateAndSetChildDomain (1ms)
		EndReloadAssembly (513ms)
			LoadAssemblies (122ms)
			RebuildTransferFunctionScriptingTraits (0ms)
			SetupTypeCache (130ms)
			ReleaseScriptCaches (0ms)
			RebuildScriptCaches (35ms)
			SetupLoadedEditorAssemblies (295ms)
				LogAssemblyErrors (0ms)
				InitializePlatformSupportModulesInManaged (12ms)
				SetLoadedEditorAssemblies (0ms)
				RefreshPlugins (89ms)
				BeforeProcessingInitializeOnLoad (2ms)
				ProcessInitializeOnLoadAttributes (141ms)
				ProcessInitializeOnLoadMethodAttributes (51ms)
				AfterProcessingInitializeOnLoad (0ms)
				EditorAssembliesLoaded (0ms)
			ExecutionOrderSort2 (0ms)
			AwakeInstancesAfterBackupRestoration (0ms)
Platform modules already initialized, skipping
Registering precompiled user dll's ...
Registered in 0.005398 seconds.
Begin MonoManager ReloadAssembly
Native extension for WindowsStandalone target not found
Refreshing native plugins compatible for Editor in 0.67 ms, found 6 plugins.
Preloading 0 native plugins for Editor in 0.00 ms.
Package Manager log level set to [2]
[Package Manager] Server::EnsureServerProcessIsRunning -- launch failed, reason: Unity was launched with the -noUpm command-line argument
[Package Manager] Cannot connect to Unity Package Manager local server
Mono: successfully reloaded assembly
- Completed reload, in  1.416 seconds
Domain Reload Profiling:
	ReloadAssembly (1417ms)
		BeginReloadAssembly (125ms)
			ExecutionOrderSort (0ms)
			DisableScriptedObjects (6ms)
			BackupInstance (0ms)
			ReleaseScriptingObjects (0ms)
			CreateAndSetChildDomain (17ms)
		EndReloadAssembly (1185ms)
			LoadAssemblies (98ms)
			RebuildTransferFunctionScriptingTraits (0ms)
			SetupTypeCache (274ms)
			ReleaseScriptCaches (1ms)
			RebuildScriptCaches (55ms)
			SetupLoadedEditorAssemblies (732ms)
				LogAssemblyErrors (0ms)
				InitializePlatformSupportModulesInManaged (7ms)
				SetLoadedEditorAssemblies (1ms)
				RefreshPlugins (1ms)
				BeforeProcessingInitializeOnLoad (85ms)
				ProcessInitializeOnLoadAttributes (613ms)
				ProcessInitializeOnLoadMethodAttributes (20ms)
				AfterProcessingInitializeOnLoad (7ms)
				EditorAssembliesLoaded (0ms)
			ExecutionOrderSort2 (0ms)
			AwakeInstancesAfterBackupRestoration (6ms)
Platform modules already initialized, skipping
========================================================================
Worker process is ready to serve import requests
Launched and connected shader compiler UnityShaderCompiler.exe after 0.04 seconds
Refreshing native plugins compatible for Editor in 0.44 ms, found 6 plugins.
Preloading 0 native plugins for Editor in 0.00 ms.
Unloading 3421 Unused Serialized files (Serialized files now loaded: 0)
Unloading 25 unused Assets / (46.8 KB). Loaded Objects now: 3883.
Memory consumption went from 123.7 MB to 123.7 MB.
Total: 2.143700 ms (FindLiveObjects: 0.174700 ms CreateObjectMapping: 0.075000 ms MarkObjects: 1.833200 ms  DeleteObjects: 0.060200 ms)

AssetImportParameters requested are different than current active one (requested -> active):
  custom:video-decoder-ogg-theora: a1e56fd34408186e4bbccfd4996cb3dc -> 
  custom:container-muxer-webm: aa71ff27fc2769a1b78a27578f13a17b -> 
  custom:container-demuxer-webm: 4f35f7cbe854078d1ac9338744f61a02 -> 
  custom:video-encoder-webm-vp8: eb34c28f22e8b96e1ab97ce403110664 -> 
  custom:CustomObjectIndexerAttribute: bc11b3a6c3213fcdd17b65e7da85e133 -> 
  custom:audio-encoder-webm-vorbis: bf7c407c2cedff20999df2af8eb42d56 -> 
  custom:framework-win-MediaFoundation: 216162199b28c13a410421893ffa2e32 -> 
  custom:SearchIndexIgnoredProperties: e643bd26f0fe6173181afceb89e7c659 -> 
  custom:container-demuxer-ogg: 62fdf1f143b41e24485cea50d1cbac27 -> 
  custom:video-decoder-webm-vp8: 9c59270c3fd7afecdb556c50c9e8de78 -> 
  custom:audio-decoder-ogg-vorbis: bf7c407c2cedff20999df2af8eb42d56 -> 
========================================================================
Received Import Request.
  Time since last request: 1808359.909292 seconds.
  path: Assets/Домик.fbx
  artifactKey: Guid(bd358edba9387e846b9eec947b180c3b) Importer(815301076,1909f56bfc062723c751e8b465ee728b)
Number of updated assets reloaded before import = 0
Start importing Assets/Домик.fbx using Guid(bd358edba9387e846b9eec947b180c3b) Importer(815301076,1909f56bfc062723c751e8b465ee728b)  -> (artifact id: '94ce39ead795df873647f17fa4097b94') in 0.218543 seconds 
Number of asset objects unloaded after import = 13
========================================================================
Received Import Request.
  Time since last request: 9.049963 seconds.
  path: Assets/SteamVR/InteractionSystem/Teleport/Materials/TeleportAreaHighlighted.mat
  artifactKey: Guid(a8cac5516702311429fe7478ff4d7d05) Importer(815301076,1909f56bfc062723c751e8b465ee728b)
Number of updated assets reloaded before import = 0
Start importing Assets/SteamVR/InteractionSystem/Teleport/Materials/TeleportAreaHighlighted.mat using Guid(a8cac5516702311429fe7478ff4d7d05) Importer(815301076,1909f56bfc062723c751e8b465ee728b)  -> (artifact id: '050a5abf7b8b9e6986af150f98075504') in 0.025241 seconds 
Number of asset objects unloaded after import = 2
========================================================================
Received Import Request.
  Time since last request: 0.869268 seconds.
  path: Assets/SteamVR/InteractionSystem/Samples/Materials/ShinyWhiteObject.mat
  artifactKey: Guid(ae954e68e9b70844292f588d1397a7f7) Importer(815301076,1909f56bfc062723c751e8b465ee728b)
Number of updated assets reloaded before import = 0
Start importing Assets/SteamVR/InteractionSystem/Samples/Materials/ShinyWhiteObject.mat using Guid(ae954e68e9b70844292f588d1397a7f7) Importer(815301076,1909f56bfc062723c751e8b465ee728b)  -> (artifact id: '8bfcc72b5c857b1b98e2c81b411cf69a') in 0.028746 seconds 
Number of asset objects unloaded after import = 2
========================================================================
Received Import Request.
  Time since last request: 0.000222 seconds.
  path: Assets/TextMesh Pro/Examples & Extras/Resources/Fonts & Materials/Oswald Bold SDF.asset
  artifactKey: Guid(0161d805a3764c089bef00bfe00793f5) Importer(815301076,1909f56bfc062723c751e8b465ee728b)
Number of updated assets reloaded before import = 0
Start importing Assets/TextMesh Pro/Examples & Extras/Resources/Fonts & Materials/Oswald Bold SDF.asset using Guid(0161d805a3764c089bef00bfe00793f5) Importer(815301076,1909f56bfc062723c751e8b465ee728b)  -> (artifact id: 'f663191f20ea0f778b9d9afb88bba8a3') in 0.056882 seconds 
Number of asset objects unloaded after import = 6
========================================================================
Received Import Request.
  Time since last request: 0.014586 seconds.
  path: Assets/SteamVR/InteractionSystem/Samples/JoeJeff/Materials/JoeJeff.mat
  artifactKey: Guid(50cdd0e6236971841b9868ca3c32ac0b) Importer(815301076,1909f56bfc062723c751e8b465ee728b)
Number of updated assets reloaded before import = 0
Start importing Assets/SteamVR/InteractionSystem/Samples/JoeJeff/Materials/JoeJeff.mat using Guid(50cdd0e6236971841b9868ca3c32ac0b) Importer(815301076,1909f56bfc062723c751e8b465ee728b)  -> (artifact id: '50b7426c8b1888f26783982be494a813') in 0.035720 seconds 
Number of asset objects unloaded after import = 4
========================================================================
Received Import Request.
  Time since last request: 0.007260 seconds.
  path: Assets/TextMesh Pro/Examples & Extras/Fonts/Oswald-Bold.ttf
  artifactKey: Guid(c9f6d0e7bc8541498c9a4799ba184ede) Importer(815301076,1909f56bfc062723c751e8b465ee728b)
Number of updated assets reloaded before import = 0
Start importing Assets/TextMesh Pro/Examples & Extras/Fonts/Oswald-Bold.ttf using Guid(c9f6d0e7bc8541498c9a4799ba184ede) Importer(815301076,1909f56bfc062723c751e8b465ee728b)  -> (artifact id: 'c39f9c91bf5165c219272e3d19e471cd') in 0.025355 seconds 
Number of asset objects unloaded after import = 4
========================================================================
Received Import Request.
  Time since last request: 12.800420 seconds.
  path: Assets/Домик.fbx
  artifactKey: Guid(bd358edba9387e846b9eec947b180c3b) Importer(815301076,1909f56bfc062723c751e8b465ee728b)
Number of updated assets reloaded before import = 0
Start importing Assets/Домик.fbx using Guid(bd358edba9387e846b9eec947b180c3b) Importer(815301076,1909f56bfc062723c751e8b465ee728b)  -> (artifact id: 'b6d30bc508ce18259a170777e3a689d5') in 0.041856 seconds 
Number of asset objects unloaded after import = 16
========================================================================
Received Import Request.
  Time since last request: 5.813800 seconds.
  path: Assets/Домик.fbx
  artifactKey: Guid(bd358edba9387e846b9eec947b180c3b) Importer(815301076,1909f56bfc062723c751e8b465ee728b)
Number of updated assets reloaded before import = 0
Start importing Assets/Домик.fbx using Guid(bd358edba9387e846b9eec947b180c3b) Importer(815301076,1909f56bfc062723c751e8b465ee728b)  -> (artifact id: '0b4c9770d0055ce38484f7b75eb33d76') in 0.031784 seconds 
Number of asset objects unloaded after import = 13
========================================================================
Received Import Request.
  Time since last request: 2.582396 seconds.
  path: Assets/Домик.fbx
  artifactKey: Guid(bd358edba9387e846b9eec947b180c3b) Importer(815301076,1909f56bfc062723c751e8b465ee728b)
Number of updated assets reloaded before import = 0
Start importing Assets/Домик.fbx using Guid(bd358edba9387e846b9eec947b180c3b) Importer(815301076,1909f56bfc062723c751e8b465ee728b)  -> (artifact id: 'b160d0517c4b8ac4f246fd592c43ccfc') in 0.026746 seconds 
Number of asset objects unloaded after import = 13
========================================================================
Received Import Request.
  Time since last request: 1.092504 seconds.
  path: Assets/SteamVR/Models/Materials/AlienHand_AlbedoTransparency.png
  artifactKey: Guid(c7d922ead57c2c34ea7da4ad4c05bd61) Importer(815301076,1909f56bfc062723c751e8b465ee728b)
Number of updated assets reloaded before import = 0
Start importing Assets/SteamVR/Models/Materials/AlienHand_AlbedoTransparency.png using Guid(c7d922ead57c2c34ea7da4ad4c05bd61) Importer(815301076,1909f56bfc062723c751e8b465ee728b)  -> (artifact id: '0d590c847fcd8c5bc217e46b1255d2d3') in 0.052699 seconds 
Number of asset objects unloaded after import = 2
========================================================================
Received Import Request.
  Time since last request: 10.381287 seconds.
  path: Assets/SteamVR/Models/handFingers.mask
  artifactKey: Guid(822c72f828488434a89ef1d2b9372069) Importer(815301076,1909f56bfc062723c751e8b465ee728b)
Number of updated assets reloaded before import = 0
Start importing Assets/SteamVR/Models/handFingers.mask using Guid(822c72f828488434a89ef1d2b9372069) Importer(815301076,1909f56bfc062723c751e8b465ee728b)  -> (artifact id: 'f5d68fc5679023a35ee0e7dc043027d9') in 0.017488 seconds 
Number of asset objects unloaded after import = 1
========================================================================
Received Import Request.
  Time since last request: 0.000020 seconds.
  path: Assets/SteamVR/Models/vr_hand_grabposes.fbx
  artifactKey: Guid(5b1b3324d9af1db498a8cb294cc8d274) Importer(815301076,1909f56bfc062723c751e8b465ee728b)
Number of updated assets reloaded before import = 0
Start importing Assets/SteamVR/Models/vr_hand_grabposes.fbx using Guid(5b1b3324d9af1db498a8cb294cc8d274) Importer(815301076,1909f56bfc062723c751e8b465ee728b)  -> (artifact id: '1050fffb3edd282de9044805b3662ee0') in 0.084020 seconds 
Number of asset objects unloaded after import = 103
========================================================================
Received Import Request.
  Time since last request: 5.489663 seconds.
  path: Assets/SteamVR/SteamVR.asmdef
  artifactKey: Guid(1fbf338ef6b952a448262a7ff7df5fe4) Importer(815301076,1909f56bfc062723c751e8b465ee728b)
Number of updated assets reloaded before import = 0
Start importing Assets/SteamVR/SteamVR.asmdef using Guid(1fbf338ef6b952a448262a7ff7df5fe4) Importer(815301076,1909f56bfc062723c751e8b465ee728b)  -> (artifact id: 'dd02b0593efdb8a911760b2faac2ae92') in 0.009306 seconds 
Number of asset objects unloaded after import = 0
========================================================================
Received Import Request.
  Time since last request: 27.054818 seconds.
  path: Assets/SteamVR/Models/Materials
  artifactKey: Guid(e22ff154806908042974022eba8106a6) Importer(815301076,1909f56bfc062723c751e8b465ee728b)
Number of updated assets reloaded before import = 0
Start importing Assets/SteamVR/Models/Materials using Guid(e22ff154806908042974022eba8106a6) Importer(815301076,1909f56bfc062723c751e8b465ee728b)  -> (artifact id: 'e3cf60bc1f2e83219d99e30e1d89d2cd') in 0.006919 seconds 
Number of asset objects unloaded after import = 0
========================================================================
Received Import Request.
  Time since last request: 3.533253 seconds.
  path: Assets/SteamVR/Models/Materials/дом.развертка 1.png
  artifactKey: Guid(72ff6a05f59b66b4eaac94ff775d4d55) Importer(815301076,1909f56bfc062723c751e8b465ee728b)
Number of updated assets reloaded before import = 0
Start importing Assets/SteamVR/Models/Materials/дом.развертка 1.png using Guid(72ff6a05f59b66b4eaac94ff775d4d55) Importer(815301076,1909f56bfc062723c751e8b465ee728b)  -> (artifact id: '8fa223f220f8471e4a37d613262847f0') in 0.018453 seconds 
Number of asset objects unloaded after import = 2
========================================================================
Received Import Request.
  Time since last request: 20.786545 seconds.
  path: Assets/Домик.fbx
  artifactKey: Guid(bd358edba9387e846b9eec947b180c3b) Importer(815301076,1909f56bfc062723c751e8b465ee728b)
Number of updated assets reloaded before import = 0
Start importing Assets/Домик.fbx using Guid(bd358edba9387e846b9eec947b180c3b) Importer(815301076,1909f56bfc062723c751e8b465ee728b)  -> (artifact id: 'c716521851c056e9c4a7cc8101db0c6c') in 0.035492 seconds 
Number of asset objects unloaded after import = 12
========================================================================
Received Import Request.
  Time since last request: 3.673155 seconds.
  path: Assets/Домик.fbx
  artifactKey: Guid(bd358edba9387e846b9eec947b180c3b) Importer(815301076,1909f56bfc062723c751e8b465ee728b)
Number of updated assets reloaded before import = 0
Start importing Assets/Домик.fbx using Guid(bd358edba9387e846b9eec947b180c3b) Importer(815301076,1909f56bfc062723c751e8b465ee728b)  -> (artifact id: '93a04b403e3b6609f4d71ea7a52774b9') in 0.030242 seconds 
Number of asset objects unloaded after import = 12
========================================================================
Received Import Request.
  Time since last request: 101.805115 seconds.
  path: Assets/Домик.fbx
  artifactKey: Guid(bd358edba9387e846b9eec947b180c3b) Importer(815301076,1909f56bfc062723c751e8b465ee728b)
Number of updated assets reloaded before import = 0
Start importing Assets/Домик.fbx using Guid(bd358edba9387e846b9eec947b180c3b) Importer(815301076,1909f56bfc062723c751e8b465ee728b)  -> (artifact id: '552542c80b4d474b35b33fb184e31b02') in 0.022518 seconds 
Number of asset objects unloaded after import = 16
========================================================================
Received Import Request.
  Time since last request: 3.683556 seconds.
  path: Assets/Домик.fbx
  artifactKey: Guid(bd358edba9387e846b9eec947b180c3b) Importer(815301076,1909f56bfc062723c751e8b465ee728b)
Number of updated assets reloaded before import = 0
Start importing Assets/Домик.fbx using Guid(bd358edba9387e846b9eec947b180c3b) Importer(815301076,1909f56bfc062723c751e8b465ee728b)  -> (artifact id: '2b204a8c37fa4463c083eea8594c5e4f') in 0.035563 seconds 
Number of asset objects unloaded after import = 17
